<?xml version="1.0" encoding="UTF-8"?>
<!-- Generated by org.testng.reporters.JUnitXMLReporter -->
<testsuite hostname="DESKTOP-M3MU3D7" name="TestRunner-2" tests="5" failures="0" timestamp="7 Aug 2023 11:28:34 GMT" time="51.188" errors="0">
  <testcase name="create" time="0.03" classname="Practice_TestNG.ContactasCreate_TestNGTest"/>
  <testcase name="deleteContacts" time="0.004" classname="Practice_TestNG.ContactasCreate_TestNGTest"/>
  <testcase name="modify" time="0.003" classname="Practice_TestNG.ContactasCreate_TestNGTest"/>
  <testcase name="create" time="0.005" classname="Practice_TestNG.LeadCreate_TestNGTest"/>
  <testcase name="modify" time="0.002" classname="Practice_TestNG.LeadCreate_TestNGTest"/>
</testsuite> <!-- TestRunner-2 -->
