<?xml version="1.0" encoding="UTF-8"?>
<!-- Generated by org.testng.reporters.JUnitXMLReporter -->
<testsuite hostname="DESKTOP-M3MU3D7" name="TestRunner=2" tests="3" failures="0" timestamp="9 Aug 2023 03:44:17 GMT" time="82.357" errors="0">
  <testcase name="updateStudentData" time="22.741" classname="Teacher.UpdateMyStudentTest"/>
  <testcase name="addStudentdataTest" time="13.854" classname="Teacher.AddStudentDataTest"/>
  <testcase name="navigatetostudent" time="7.169" classname="Teacher.NavigateToMyStudentTest"/>
</testsuite> <!-- TestRunner=2 -->
